optimization of topology, BL and inheritance probabilities using:
 hmax = 1,
 tolerance parameters: ftolRel=1.0e-6, ftolAbs=1.0e-6,
                       xtolAbs=0.001, xtolRel=0.01.
 max number of failed proposals = 75, liktolAbs = 1.0e-6.
rootname for files: phylonetwork
BEGIN: 1 runs on starting tree (Chimp,Human,(Gorilla,(Orang,(Gibbon,((((Jpn_Macaq,Rhesus_Ma):0.04212382445,Crab-E.Ma):0.05100574713,BarbMacaq):0.06996228448,(Squir_Mon,(((Lemur,Tarsier):0.02777310075,Bovine):0.006659146013,Mouse):0.01870892905):0.03087957974):0.02271012931):0.03237248563):0.03371305419):0.03347252155);

main seed 31822
seed: 31822 for run 1, 2024-10-06 19:18:53.622

BEGIN SNaQ for run 1, seed 31822 and hmax 1 changed starting topology by NNI move

Begins heuristic optimization of network------

found best network, now we re-optimize branch lengths and gamma more precisely
STOPPED by number of failures criteria
END optTopLevel: found minimizer topology at step 232 (failures: 75) with -loglik=35236.6499 and ht_min=[0.14953, 1.56561, 0.0, 2.48881, 2.13043, 3.58679, 0.48924, 3.04043, 0.74356, 0.66234, 0.0, 0.0, 2.63151, 0.64617, 3.5005]
PERFORMANCE: total number of moves (proposed, successful, accepted) in general, and to fix gamma=0.0,t=0.0 cases
	--------moves general--------				 --------moves gamma,t------	
move	 Num.Proposed	 Num.Successful	 Num.Accepted	 | Num.Proposed	 Num.Successful	 Num.Accepted
add		 2		 2		 2	 |	 NA 		 NA 		 NA 
mvorigin	 66		 66		 23	 |	 37		 37		 --
mvtarget	 66		 66		 10	 |	 38		 38		 --
chdir		 37		 37		 14	 |	 75		 75		 --
delete		 0		 0		 0	 |	 0		 0		 --
nni		 61		 59		 2	 |	 14		 14		 --
Total		 232		 230		 51	 |	 164		 164		 84
Proportion	 -- 		 1.0		 0.2	 |	 -- 		 1.0		 0.5
(Chimp,Human,(Gorilla,(Orang,((((Jpn_Macaq,Rhesus_Ma):3.0404313920703765,BarbMacaq):0.7435551393691957,((Crab-E.Ma,((Squir_Mon,(Mouse,(Lemur,Tarsier):2.631514612920511):0.6623373265490394):0.6461697286275412)#H17:0.0::0.8504746823085855):2.3377630939063185e-7,Bovine):0.48924458319757164):3.58679376267071,(Gibbon,#H17:3.5005007477360706::0.14952531769141453):0.0):2.1304287910826285):2.4888147361808226):1.5656090423495401);
---------------------

2024-10-06 20:11:45.017
MaxNet is (Chimp,Human,(Gorilla,(Orang,((((Jpn_Macaq,Rhesus_Ma):3.0404313920703765,BarbMacaq):0.7435551393691957,((Crab-E.Ma,((Squir_Mon,(Mouse,(Lemur,Tarsier):2.631514612920511):0.6623373265490394):0.6461697286275412)#H17:0.0::0.8504746823085855):2.3377630939063185e-7,Bovine):0.48924458319757164):3.58679376267071,(Gibbon,#H17:3.5005007477360706::0.14952531769141453):0.0):2.1304287910826285):2.4888147361808226):1.5656090423495401); 
with -loglik 35236.64990253617
